{"/Users/johnfaldo/patt/src/index.ts": {"path":"/Users/johnfaldo/patt/src/index.ts","statementMap":{"0":{"start":{"line":1,"column":0},"end":{"line":1,"column":64}},"1":{"start":{"line":3,"column":0},"end":{"line":3,"column":44}},"2":{"start":{"line":5,"column":16},"end":{"line":27,"column":1}},"3":{"start":{"line":6,"column":18},"end":{"line":6,"column":21}},"4":{"start":{"line":8,"column":2},"end":{"line":24,"column":5}},"5":{"start":{"line":9,"column":22},"end":{"line":12,"column":null}},"6":{"start":{"line":15,"column":25},"end":{"line":15,"column":67}},"7":{"start":{"line":16,"column":23},"end":{"line":16,"column":43}},"8":{"start":{"line":17,"column":23},"end":{"line":17,"column":55}},"9":{"start":{"line":19,"column":4},"end":{"line":23,"column":null}},"10":{"start":{"line":20,"column":6},"end":{"line":20,"column":26}},"11":{"start":{"line":22,"column":6},"end":{"line":22,"column":26}},"12":{"start":{"line":26,"column":2},"end":{"line":26,"column":15}},"13":{"start":{"line":29,"column":14},"end":{"line":49,"column":1}},"14":{"start":{"line":30,"column":14},"end":{"line":30,"column":35}},"15":{"start":{"line":31,"column":17},"end":{"line":31,"column":45}},"16":{"start":{"line":32,"column":31},"end":{"line":32,"column":67}},"17":{"start":{"line":33,"column":21},"end":{"line":33,"column":67}},"18":{"start":{"line":35,"column":36},"end":{"line":37,"column":10}},"19":{"start":{"line":39,"column":19},"end":{"line":39,"column":22}},"20":{"start":{"line":42,"column":2},"end":{"line":44,"column":null}},"21":{"start":{"line":43,"column":4},"end":{"line":43,"column":38}},"22":{"start":{"line":46,"column":2},"end":{"line":48,"column":37}},"23":{"start":{"line":51,"column":0},"end":{"line":51,"column":21}}},"fnMap":{"0":{"name":"(anonymous_0)","decl":{"start":{"line":5,"column":16},"end":{"line":5,"column":17}},"loc":{"start":{"line":5,"column":58},"end":{"line":27,"column":1}}},"1":{"name":"(anonymous_1)","decl":{"start":{"line":8,"column":36},"end":{"line":8,"column":37}},"loc":{"start":{"line":8,"column":50},"end":{"line":24,"column":3}}},"2":{"name":"(anonymous_2)","decl":{"start":{"line":29,"column":14},"end":{"line":29,"column":15}},"loc":{"start":{"line":29,"column":36},"end":{"line":49,"column":1}}}},"branchMap":{"0":{"loc":{"start":{"line":19,"column":4},"end":{"line":23,"column":null}},"type":"if","locations":[{"start":{"line":19,"column":4},"end":{"line":23,"column":null}},{"start":{"line":19,"column":4},"end":{"line":23,"column":null}}]},"1":{"loc":{"start":{"line":36,"column":6},"end":{"line":36,"column":69}},"type":"cond-expr","locations":[{"start":{"line":36,"column":6},"end":{"line":36,"column":69}},{"start":{"line":37,"column":6},"end":{"line":37,"column":10}}]},"2":{"loc":{"start":{"line":42,"column":2},"end":{"line":44,"column":null}},"type":"if","locations":[{"start":{"line":42,"column":2},"end":{"line":44,"column":null}},{"start":{"line":42,"column":2},"end":{"line":44,"column":null}}]},"3":{"loc":{"start":{"line":47,"column":6},"end":{"line":47,"column":57}},"type":"cond-expr","locations":[{"start":{"line":47,"column":6},"end":{"line":47,"column":57}},{"start":{"line":48,"column":6},"end":{"line":48,"column":36}}]}},"s":{"0":1,"1":1,"2":1,"3":4,"4":4,"5":5,"6":5,"7":5,"8":5,"9":5,"10":1,"11":4,"12":4,"13":1,"14":5,"15":5,"16":5,"17":5,"18":5,"19":5,"20":5,"21":4,"22":5,"23":1},"f":{"0":4,"1":5,"2":5},"b":{"0":[1,4],"1":[2,3],"2":[4,1],"3":[2,3]}}
,"/Users/johnfaldo/patt/src/enums/index.ts": {"path":"/Users/johnfaldo/patt/src/enums/index.ts","statementMap":{"0":{"start":{"line":1,"column":0},"end":{"line":1,"column":null}},"1":{"start":{"line":2,"column":2},"end":{"line":2,"column":null}},"2":{"start":{"line":3,"column":2},"end":{"line":3,"column":null}},"3":{"start":{"line":4,"column":2},"end":{"line":4,"column":null}},"4":{"start":{"line":5,"column":2},"end":{"line":5,"column":null}},"5":{"start":{"line":6,"column":2},"end":{"line":6,"column":null}},"6":{"start":{"line":7,"column":2},"end":{"line":7,"column":null}},"7":{"start":{"line":8,"column":2},"end":{"line":8,"column":null}},"8":{"start":{"line":11,"column":0},"end":{"line":11,"column":null}},"9":{"start":{"line":12,"column":2},"end":{"line":12,"column":null}},"10":{"start":{"line":13,"column":2},"end":{"line":13,"column":null}},"11":{"start":{"line":14,"column":2},"end":{"line":14,"column":null}},"12":{"start":{"line":15,"column":2},"end":{"line":15,"column":null}},"13":{"start":{"line":16,"column":2},"end":{"line":16,"column":null}},"14":{"start":{"line":17,"column":2},"end":{"line":17,"column":null}},"15":{"start":{"line":18,"column":2},"end":{"line":18,"column":null}},"16":{"start":{"line":21,"column":13},"end":{"line":28,"column":2}}},"fnMap":{"0":{"name":"(anonymous_0)","decl":{"start":{"line":1,"column":0},"end":{"line":1,"column":12}},"loc":{"start":{"line":1,"column":20},"end":{"line":9,"column":1}}},"1":{"name":"(anonymous_1)","decl":{"start":{"line":11,"column":0},"end":{"line":11,"column":12}},"loc":{"start":{"line":11,"column":30},"end":{"line":19,"column":1}}}},"branchMap":{"0":{"loc":{"start":{"line":1,"column":12},"end":{"line":1,"column":20}},"type":"binary-expr","locations":[{"start":{"line":1,"column":12},"end":{"line":1,"column":20}},{"start":{"line":1,"column":12},"end":{"line":1,"column":null}}]},"1":{"loc":{"start":{"line":11,"column":12},"end":{"line":11,"column":30}},"type":"binary-expr","locations":[{"start":{"line":11,"column":12},"end":{"line":11,"column":30}},{"start":{"line":11,"column":12},"end":{"line":11,"column":null}}]}},"s":{"0":3,"1":3,"2":3,"3":3,"4":3,"5":3,"6":3,"7":3,"8":3,"9":3,"10":3,"11":3,"12":3,"13":3,"14":3,"15":3,"16":3},"f":{"0":3,"1":3},"b":{"0":[3,3],"1":[3,3]}}
,"/Users/johnfaldo/patt/src/helpers/roundDate.ts": {"path":"/Users/johnfaldo/patt/src/helpers/roundDate.ts","statementMap":{"0":{"start":{"line":1,"column":0},"end":{"line":1,"column":56}},"1":{"start":{"line":3,"column":20},"end":{"line":3,"column":74}},"2":{"start":{"line":3,"column":37},"end":{"line":3,"column":74}},"3":{"start":{"line":5,"column":18},"end":{"line":14,"column":1}},"4":{"start":{"line":6,"column":23},"end":{"line":6,"column":44}},"5":{"start":{"line":7,"column":22},"end":{"line":7,"column":39}},"6":{"start":{"line":8,"column":24},"end":{"line":8,"column":42}},"7":{"start":{"line":10,"column":2},"end":{"line":12,"column":null}},"8":{"start":{"line":11,"column":4},"end":{"line":11,"column":50}},"9":{"start":{"line":13,"column":2},"end":{"line":13,"column":44}},"10":{"start":{"line":16,"column":18},"end":{"line":28,"column":1}},"11":{"start":{"line":17,"column":21},"end":{"line":17,"column":45}},"12":{"start":{"line":19,"column":2},"end":{"line":27,"column":null}},"13":{"start":{"line":21,"column":6},"end":{"line":21,"column":29}},"14":{"start":{"line":24,"column":6},"end":{"line":24,"column":30}},"15":{"start":{"line":26,"column":6},"end":{"line":26,"column":60}},"16":{"start":{"line":30,"column":19},"end":{"line":53,"column":1}},"17":{"start":{"line":31,"column":23},"end":{"line":31,"column":44}},"18":{"start":{"line":32,"column":22},"end":{"line":32,"column":39}},"19":{"start":{"line":33,"column":24},"end":{"line":33,"column":42}},"20":{"start":{"line":34,"column":31},"end":{"line":34,"column":55}},"21":{"start":{"line":36,"column":2},"end":{"line":47,"column":null}},"22":{"start":{"line":37,"column":20},"end":{"line":37,"column":32}},"23":{"start":{"line":39,"column":4},"end":{"line":46,"column":6}},"24":{"start":{"line":49,"column":2},"end":{"line":52,"column":4}},"25":{"start":{"line":55,"column":0},"end":{"line":55,"column":25}}},"fnMap":{"0":{"name":"(anonymous_0)","decl":{"start":{"line":3,"column":20},"end":{"line":3,"column":21}},"loc":{"start":{"line":3,"column":37},"end":{"line":3,"column":74}}},"1":{"name":"(anonymous_1)","decl":{"start":{"line":5,"column":18},"end":{"line":5,"column":19}},"loc":{"start":{"line":5,"column":33},"end":{"line":14,"column":1}}},"2":{"name":"(anonymous_2)","decl":{"start":{"line":16,"column":18},"end":{"line":16,"column":19}},"loc":{"start":{"line":16,"column":55},"end":{"line":28,"column":1}}},"3":{"name":"(anonymous_3)","decl":{"start":{"line":30,"column":19},"end":{"line":30,"column":20}},"loc":{"start":{"line":30,"column":40},"end":{"line":53,"column":1}}}},"branchMap":{"0":{"loc":{"start":{"line":10,"column":2},"end":{"line":12,"column":null}},"type":"if","locations":[{"start":{"line":10,"column":2},"end":{"line":12,"column":null}},{"start":{"line":10,"column":2},"end":{"line":12,"column":null}}]},"1":{"loc":{"start":{"line":20,"column":4},"end":{"line":21,"column":29}},"type":"switch","locations":[{"start":{"line":20,"column":4},"end":{"line":21,"column":29}},{"start":{"line":22,"column":4},"end":{"line":24,"column":30}},{"start":{"line":25,"column":4},"end":{"line":26,"column":60}}]},"2":{"loc":{"start":{"line":36,"column":2},"end":{"line":47,"column":null}},"type":"if","locations":[{"start":{"line":36,"column":2},"end":{"line":47,"column":null}},{"start":{"line":36,"column":2},"end":{"line":47,"column":null}}]},"3":{"loc":{"start":{"line":41,"column":18},"end":{"line":41,"column":26}},"type":"cond-expr","locations":[{"start":{"line":41,"column":18},"end":{"line":41,"column":26}},{"start":{"line":41,"column":29},"end":{"line":41,"column":33}}]},"4":{"loc":{"start":{"line":42,"column":18},"end":{"line":42,"column":19}},"type":"cond-expr","locations":[{"start":{"line":42,"column":18},"end":{"line":42,"column":19}},{"start":{"line":42,"column":22},"end":{"line":42,"column":31}}]}},"s":{"0":2,"1":2,"2":3,"3":2,"4":4,"5":4,"6":4,"7":4,"8":1,"9":3,"10":2,"11":18,"12":18,"13":4,"14":3,"15":11,"16":2,"17":3,"18":3,"19":3,"20":3,"21":3,"22":2,"23":2,"24":1,"25":2},"f":{"0":3,"1":4,"2":18,"3":3},"b":{"0":[1,3],"1":[4,3,11],"2":[2,1],"3":[1,1],"4":[1,1]}}
}
