TN:
SF:src/index.ts
FN:5,(anonymous_0)
FN:8,(anonymous_1)
FN:29,(anonymous_2)
FNF:3
FNH:3
FNDA:4,(anonymous_0)
FNDA:5,(anonymous_1)
FNDA:5,(anonymous_2)
DA:1,1
DA:3,1
DA:5,1
DA:6,4
DA:8,4
DA:9,5
DA:15,5
DA:16,5
DA:17,5
DA:19,5
DA:20,1
DA:22,4
DA:26,4
DA:29,1
DA:30,5
DA:31,5
DA:32,5
DA:33,5
DA:35,5
DA:39,5
DA:42,5
DA:43,4
DA:46,5
DA:51,1
LF:24
LH:24
BRDA:19,0,0,1
BRDA:19,0,1,4
BRDA:36,1,0,2
BRDA:36,1,1,3
BRDA:42,2,0,4
BRDA:42,2,1,1
BRDA:47,3,0,2
BRDA:47,3,1,3
BRF:8
BRH:8
end_of_record
TN:
SF:src/enums/index.ts
FN:1,(anonymous_0)
FN:11,(anonymous_1)
FNF:2
FNH:2
FNDA:3,(anonymous_0)
FNDA:3,(anonymous_1)
DA:1,3
DA:2,3
DA:3,3
DA:4,3
DA:5,3
DA:6,3
DA:7,3
DA:8,3
DA:11,3
DA:12,3
DA:13,3
DA:14,3
DA:15,3
DA:16,3
DA:17,3
DA:18,3
DA:21,3
LF:17
LH:17
BRDA:1,0,0,3
BRDA:1,0,1,3
BRDA:11,1,0,3
BRDA:11,1,1,3
BRF:4
BRH:4
end_of_record
TN:
SF:src/helpers/roundDate.ts
FN:3,(anonymous_0)
FN:5,(anonymous_1)
FN:16,(anonymous_2)
FN:30,(anonymous_3)
FNF:4
FNH:4
FNDA:3,(anonymous_0)
FNDA:4,(anonymous_1)
FNDA:18,(anonymous_2)
FNDA:3,(anonymous_3)
DA:1,2
DA:3,3
DA:5,2
DA:6,4
DA:7,4
DA:8,4
DA:10,4
DA:11,1
DA:13,3
DA:16,2
DA:17,18
DA:19,18
DA:21,4
DA:24,3
DA:26,11
DA:30,2
DA:31,3
DA:32,3
DA:33,3
DA:34,3
DA:36,3
DA:37,2
DA:39,2
DA:49,1
DA:55,2
LF:25
LH:25
BRDA:10,0,0,1
BRDA:10,0,1,3
BRDA:20,1,0,4
BRDA:20,1,1,3
BRDA:20,1,2,11
BRDA:36,2,0,2
BRDA:36,2,1,1
BRDA:41,3,0,1
BRDA:41,3,1,1
BRDA:42,4,0,1
BRDA:42,4,1,1
BRF:11
BRH:11
end_of_record
